<?xml version="1.0" encoding="UTF-8"?>
<!-- Generated by org.testng.reporters.JUnitXMLReporter -->
<testsuite ignored="3" hostname="DESKTOP-H9MMP7L" failures="1" tests="1" name="Test" time="0.164" errors="0" timestamp="2021-09-24T19:43:53 IST">
  <testcase classname="testNG_Practice.firstExample" name="firstEample" time="0.034">
    <failure type="java.lang.NullPointerException" message="Cannot invoke &amp;quot;org.openqa.selenium.WebDriver.findElement(org.openqa.selenium.By)&amp;quot; because &amp;quot;this.driver&amp;quot; is null">
      <![CDATA[java.lang.NullPointerException: Cannot invoke "org.openqa.selenium.WebDriver.findElement(org.openqa.selenium.By)" because "this.driver" is null
at testNG_Practice.firstExample.firstEample(firstExample.java:18)
at java.base/java.util.ArrayList.forEach(ArrayList.java:1511)
... Removed 27 stack frames]]>
    </failure>
  </testcase> <!-- firstEample -->
  <testcase classname="testNG_Practice.firstExample" name="secondExample" time="0.0">
    <ignored/>
  </testcase> <!-- secondExample -->
  <testcase classname="testNG_Practice.firstExample" name="thirdExample" time="0.0">
    <ignored/>
  </testcase> <!-- thirdExample -->
  <testcase classname="testNG_Practice.firstExample" name="fourthExample" time="0.0">
    <ignored/>
  </testcase> <!-- fourthExample -->
</testsuite> <!-- Test -->
