<?xml version="1.0" encoding="UTF-8"?>
<testng-results ignored="2" total="4" passed="2" failed="0" skipped="0">
  <reporter-output>
  </reporter-output>
  <suite started-at="2021-09-27T23:16:40 IST" name="TestSuite" finished-at="2021-09-27T23:17:25 IST" duration-ms="44393">
    <groups>
      <group name="P1">
        <method signature="firstExample.firstEample()[pri:0, instance:testNG_Practice.firstExample@5c30a9b0]" name="firstEample" class="testNG_Practice.firstExample"/>
      </group> <!-- P1 -->
      <group name="P2">
        <method signature="firstExample.secondExample()[pri:0, instance:testNG_Practice.firstExample@5c30a9b0]" name="secondExample" class="testNG_Practice.firstExample"/>
      </group> <!-- P2 -->
    </groups>
    <test started-at="2021-09-27T23:16:40 IST" name="firstTest" finished-at="2021-09-27T23:17:25 IST" duration-ms="44393">
      <class name="testNG_Practice.firstExample">
        <test-method is-config="true" signature="beforeMethod()[pri:0, instance:testNG_Practice.firstExample@5c30a9b0]" started-at="2021-09-27T23:16:40 IST" name="beforeMethod" finished-at="2021-09-27T23:17:00 IST" duration-ms="19406" status="PASS">
          <reporter-output>
          </reporter-output>
        </test-method> <!-- beforeMethod -->
        <test-method is-config="true" signature="clearCookies()[pri:0, instance:testNG_Practice.firstExample@5c30a9b0]" started-at="2021-09-27T23:17:00 IST" name="clearCookies" finished-at="2021-09-27T23:17:00 IST" duration-ms="28" status="PASS">
          <reporter-output>
          </reporter-output>
        </test-method> <!-- clearCookies -->
        <test-method signature="firstEample()[pri:0, instance:testNG_Practice.firstExample@5c30a9b0]" started-at="2021-09-27T23:17:00 IST" name="firstEample" finished-at="2021-09-27T23:17:08 IST" duration-ms="7822" status="PASS">
          <reporter-output>
          </reporter-output>
        </test-method> <!-- firstEample -->
        <test-method is-config="true" signature="clearCookies()[pri:0, instance:testNG_Practice.firstExample@5c30a9b0]" started-at="2021-09-27T23:17:08 IST" name="clearCookies" finished-at="2021-09-27T23:17:08 IST" duration-ms="28" status="PASS">
          <reporter-output>
          </reporter-output>
        </test-method> <!-- clearCookies -->
        <test-method signature="secondExample()[pri:0, instance:testNG_Practice.firstExample@5c30a9b0]" started-at="2021-09-27T23:17:08 IST" name="secondExample" finished-at="2021-09-27T23:17:18 IST" duration-ms="10645" status="PASS">
          <reporter-output>
          </reporter-output>
        </test-method> <!-- secondExample -->
        <test-method is-config="true" signature="afterMethod()[pri:0, instance:testNG_Practice.firstExample@5c30a9b0]" started-at="2021-09-27T23:17:18 IST" name="afterMethod" finished-at="2021-09-27T23:17:25 IST" duration-ms="6335" status="PASS">
          <reporter-output>
          </reporter-output>
        </test-method> <!-- afterMethod -->
      </class> <!-- testNG_Practice.firstExample -->
    </test> <!-- firstTest -->
  </suite> <!-- TestSuite -->
</testng-results>
