<?xml version="1.0" encoding="UTF-8"?>
<!-- Generated by org.testng.reporters.JUnitXMLReporter -->
<testsuite ignored="2" hostname="DESKTOP-H9MMP7L" failures="0" tests="2" name="firstTest" time="44.393" errors="0" timestamp="2021-09-27T23:17:25 IST">
  <testcase classname="testNG_Practice.firstExample" name="firstEample" time="7.822"/>
  <testcase classname="testNG_Practice.firstExample" name="secondExample" time="10.645"/>
  <testcase classname="testNG_Practice.firstExample" name="thirdExample" time="0.0">
    <ignored/>
  </testcase> <!-- thirdExample -->
  <testcase classname="testNG_Practice.firstExample" name="fourthExample" time="0.0">
    <ignored/>
  </testcase> <!-- fourthExample -->
</testsuite> <!-- firstTest -->
